<?xml version="1.0" encoding="UTF-8"?>
<robot generator="Robot 3.2.2 (Python 3.9.0 on win32)" generated="20210113 13:14:38.178" rpa="false">
<suite id="s1" name="TC 001" source="C:\Robot\TestCases\TC_001.robot">
<test id="s1-t1" name="Test przegladarki wp.pl">
<kw name="Open Browser" library="SeleniumLibrary">
<doc>Opens a new browser instance to the optional ``url``.</doc>
<arguments>
<arg>${URL} ${Browser}</arg>
</arguments>
<msg timestamp="20210113 13:14:38.353" level="INFO">Opening browser 'firefox' to base url 'http://www.wp.pl/ firefox'.</msg>
<msg timestamp="20210113 13:14:38.354" level="INFO">Firefox driver log is always forced to to: C:\Robot\TestCases\geckodriver-8.log</msg>
<status status="PASS" starttime="20210113 13:14:38.352" endtime="20210113 13:14:45.087"></status>
</kw>
<kw name="Close All Browsers" library="SeleniumLibrary">
<doc>Closes all open browsers and resets the browser cache.</doc>
<status status="PASS" starttime="20210113 13:14:45.087" endtime="20210113 13:14:46.131"></status>
</kw>
<status status="PASS" starttime="20210113 13:14:38.352" endtime="20210113 13:14:46.131" critical="yes"></status>
</test>
<status status="PASS" starttime="20210113 13:14:38.180" endtime="20210113 13:14:46.133"></status>
</suite>
<statistics>
<total>
<stat pass="1" fail="0">Critical Tests</stat>
<stat pass="1" fail="0">All Tests</stat>
</total>
<tag>
</tag>
<suite>
<stat pass="1" fail="0" id="s1" name="TC 001">TC 001</stat>
</suite>
</statistics>
<errors>
</errors>
</robot>
